SF:/Users/michelle/Git/Kinder-Backend/Kinder-Backend/Controllers/HomeController.cs
FN:26,System.Int32 TestItem::get_Id()
FNDA:0,System.Int32 TestItem::get_Id()
DA:27,0
FN:27,System.String TestItem::get_Name()
FNDA:0,System.String TestItem::get_Name()
DA:28,0
FN:18,Microsoft.AspNetCore.Mvc.IActionResult Kinder_Backend.Controllers.HomeController::GetAllData()
FNDA:0,Microsoft.AspNetCore.Mvc.IActionResult Kinder_Backend.Controllers.HomeController::GetAllData()
DA:19,0
DA:20,0
DA:21,0
DA:22,0
FN:11,System.Void Kinder_Backend.Controllers.HomeController::.ctor(Microsoft.Extensions.Logging.ILogger`1<Kinder_Backend.Controllers.HomeController>)
FNDA:0,System.Void Kinder_Backend.Controllers.HomeController::.ctor(Microsoft.Extensions.Logging.ILogger`1<Kinder_Backend.Controllers.HomeController>)
DA:12,0
DA:13,0
DA:14,0
DA:15,0
LF:10
LH:0
BRF:0
BRH:0
FNF:4
FNH:0
end_of_record
SF:/Users/michelle/Git/Kinder-Backend/Kinder-Backend/Program.cs
FN:14,System.Void Kinder_Backend.Program::Main(System.String[])
FNDA:0,System.Void Kinder_Backend.Program::Main(System.String[])
DA:15,0
DA:16,0
DA:17,0
FN:19,Microsoft.Extensions.Hosting.IHostBuilder Kinder_Backend.Program::CreateHostBuilder(System.String[])
FNDA:0,Microsoft.Extensions.Hosting.IHostBuilder Kinder_Backend.Program::CreateHostBuilder(System.String[])
DA:20,0
DA:21,0
DA:22,0
DA:23,0
DA:24,0
LF:8
LH:0
BRF:0
BRH:0
FNF:2
FNH:0
end_of_record
SF:/Users/michelle/Git/Kinder-Backend/Kinder-Backend/Startup.cs
FN:16,Microsoft.Extensions.Configuration.IConfiguration Kinder_Backend.Startup::get_Configuration()
FNDA:0,Microsoft.Extensions.Configuration.IConfiguration Kinder_Backend.Startup::get_Configuration()
DA:17,0
FN:20,System.Void Kinder_Backend.Startup::ConfigureServices(Microsoft.Extensions.DependencyInjection.IServiceCollection)
FNDA:0,System.Void Kinder_Backend.Startup::ConfigureServices(Microsoft.Extensions.DependencyInjection.IServiceCollection)
DA:21,0
DA:23,0
DA:24,0
DA:25,0
DA:26,0
DA:27,0
DA:28,0
DA:29,0
DA:30,0
DA:31,0
DA:32,0
DA:33,0
DA:34,0
FN:37,System.Void Kinder_Backend.Startup::Configure(Microsoft.AspNetCore.Builder.IApplicationBuilder,Microsoft.AspNetCore.Hosting.IWebHostEnvironment)
FNDA:0,System.Void Kinder_Backend.Startup::Configure(Microsoft.AspNetCore.Builder.IApplicationBuilder,Microsoft.AspNetCore.Hosting.IWebHostEnvironment)
DA:38,0
DA:39,0
DA:40,0
DA:41,0
DA:42,0
DA:43,0
DA:44,0
DA:46,0
DA:48,0
DA:50,0
DA:52,0
DA:54,0
DA:55,0
DA:56,0
DA:57,0
DA:58,0
DA:59,0
DA:60,0
DA:61,0
BRDA:39,9,0,0
BRDA:39,9,1,0
FN:11,System.Void Kinder_Backend.Startup::.ctor(Microsoft.Extensions.Configuration.IConfiguration)
FNDA:0,System.Void Kinder_Backend.Startup::.ctor(Microsoft.Extensions.Configuration.IConfiguration)
DA:12,0
DA:13,0
DA:14,0
DA:15,0
LF:37
LH:0
BRF:2
BRH:0
FNF:4
FNH:0
end_of_record
SF:/Users/michelle/Git/Kinder-Backend/Kinder-Backend/WeatherForecast.cs
FN:6,System.DateTime Kinder_Backend.WeatherForecast::get_Date()
FNDA:0,System.DateTime Kinder_Backend.WeatherForecast::get_Date()
DA:7,0
FN:8,System.Int32 Kinder_Backend.WeatherForecast::get_TemperatureC()
FNDA:0,System.Int32 Kinder_Backend.WeatherForecast::get_TemperatureC()
DA:9,0
FN:10,System.Int32 Kinder_Backend.WeatherForecast::get_TemperatureF()
FNDA:0,System.Int32 Kinder_Backend.WeatherForecast::get_TemperatureF()
DA:11,0
FN:12,System.String Kinder_Backend.WeatherForecast::get_Summary()
FNDA:0,System.String Kinder_Backend.WeatherForecast::get_Summary()
DA:13,0
LF:4
LH:0
BRF:0
BRH:0
FNF:4
FNH:0
end_of_record
SF:/Users/michelle/Git/Kinder-Backend/Kinder-Backend/Models/TravelDetail.cs
FN:6,System.Int32 Kinder_Backend.Models.TravelDetail::get_Id()
FNDA:15,System.Int32 Kinder_Backend.Models.TravelDetail::get_Id()
DA:7,15
FN:7,System.String Kinder_Backend.Models.TravelDetail::get_Attraction()
FNDA:9,System.String Kinder_Backend.Models.TravelDetail::get_Attraction()
DA:8,9
FN:8,System.String Kinder_Backend.Models.TravelDetail::get_Address()
FNDA:9,System.String Kinder_Backend.Models.TravelDetail::get_Address()
DA:9,9
FN:9,System.DateTime Kinder_Backend.Models.TravelDetail::get_StartDate()
FNDA:9,System.DateTime Kinder_Backend.Models.TravelDetail::get_StartDate()
DA:10,9
FN:10,System.DateTime Kinder_Backend.Models.TravelDetail::get_EndDate()
FNDA:9,System.DateTime Kinder_Backend.Models.TravelDetail::get_EndDate()
DA:11,9
FN:11,System.String Kinder_Backend.Models.TravelDetail::get_Context()
FNDA:9,System.String Kinder_Backend.Models.TravelDetail::get_Context()
DA:12,9
FN:12,System.String Kinder_Backend.Models.TravelDetail::get_PictureName()
FNDA:9,System.String Kinder_Backend.Models.TravelDetail::get_PictureName()
DA:13,9
LF:7
LH:7
BRF:0
BRH:0
FNF:7
FNH:7
end_of_record
SF:/Users/michelle/Git/Kinder-Backend/Kinder-Backend/Models/TravelDetailResponse.cs
FN:6,System.Collections.Generic.List`1<Kinder_Backend.Models.TravelDetail> Kinder_Backend.Models.TravelDetailResponse::get_TravelDetail()
FNDA:4,System.Collections.Generic.List`1<Kinder_Backend.Models.TravelDetail> Kinder_Backend.Models.TravelDetailResponse::get_TravelDetail()
DA:7,4
LF:1
LH:1
BRF:0
BRH:0
FNF:1
FNH:1
end_of_record
SF:/Users/michelle/Git/Kinder-Backend/Kinder-Backend/Models/TravelList.cs
FN:6,System.Int32 Kinder_Backend.Models.TravelList::get_Id()
FNDA:24,System.Int32 Kinder_Backend.Models.TravelList::get_Id()
DA:7,24
FN:7,System.String Kinder_Backend.Models.TravelList::get_Attraction()
FNDA:24,System.String Kinder_Backend.Models.TravelList::get_Attraction()
DA:8,24
FN:8,System.DateTime Kinder_Backend.Models.TravelList::get_StartDate()
FNDA:24,System.DateTime Kinder_Backend.Models.TravelList::get_StartDate()
DA:9,24
FN:9,System.String Kinder_Backend.Models.TravelList::get_PictureName()
FNDA:24,System.String Kinder_Backend.Models.TravelList::get_PictureName()
DA:10,24
LF:4
LH:4
BRF:0
BRH:0
FNF:4
FNH:4
end_of_record
SF:/Users/michelle/Git/Kinder-Backend/Kinder-Backend/Models/TravelResponse.cs
FN:6,System.Collections.Generic.List`1<Kinder_Backend.Models.TravelList> Kinder_Backend.Models.TravelResponse::get_TravelList()
FNDA:4,System.Collections.Generic.List`1<Kinder_Backend.Models.TravelList> Kinder_Backend.Models.TravelResponse::get_TravelList()
DA:7,4
LF:1
LH:1
BRF:0
BRH:0
FNF:1
FNH:1
end_of_record
SF:/Users/michelle/Git/Kinder-Backend/Kinder-Backend/Controllers/MyTravelController.cs
FN:109,Kinder_Backend.Models.TravelResponse Kinder_Backend.Controllers.MyTravelController::Get()
FNDA:1,Kinder_Backend.Models.TravelResponse Kinder_Backend.Controllers.MyTravelController::Get()
DA:110,1
DA:111,1
DA:112,1
DA:113,1
DA:114,1
DA:115,1
FN:118,Kinder_Backend.Models.TravelDetailResponse Kinder_Backend.Controllers.MyTravelController::Get(System.Int32)
FNDA:1,Kinder_Backend.Models.TravelDetailResponse Kinder_Backend.Controllers.MyTravelController::Get(System.Int32)
DA:119,1
DA:121,1
DA:122,1
DA:123,6
DA:124,1
DA:126,1
FN:128,System.DateTime Kinder_Backend.Controllers.MyTravelController::GetNow()
FNDA:0,System.DateTime Kinder_Backend.Controllers.MyTravelController::GetNow()
DA:129,0
DA:130,0
DA:131,0
FN:103,System.Void Kinder_Backend.Controllers.MyTravelController::.ctor()
FNDA:2,System.Void Kinder_Backend.Controllers.MyTravelController::.ctor()
DA:104,2
DA:105,2
DA:106,2
FN:12,System.Void Kinder_Backend.Controllers.MyTravelController::.cctor()
FNDA:1,System.Void Kinder_Backend.Controllers.MyTravelController::.cctor()
DA:13,1
DA:14,1
DA:15,1
DA:16,1
DA:17,1
DA:18,1
DA:19,1
DA:20,1
DA:21,1
DA:22,1
DA:23,1
DA:24,1
DA:25,1
DA:26,1
DA:27,1
DA:28,1
DA:29,1
DA:30,1
DA:31,1
DA:32,1
DA:33,1
DA:34,1
DA:35,1
DA:36,1
DA:37,1
DA:38,1
DA:39,1
DA:40,1
DA:41,1
DA:42,1
DA:43,1
DA:44,1
DA:45,1
DA:46,1
DA:47,1
DA:49,1
DA:50,1
DA:51,1
DA:52,1
DA:53,1
DA:54,1
DA:55,1
DA:56,1
DA:57,1
DA:58,1
DA:59,1
DA:60,1
DA:61,1
DA:62,1
DA:63,1
DA:64,1
DA:65,1
DA:66,1
DA:67,1
DA:68,1
DA:69,1
DA:70,1
DA:71,1
DA:72,1
DA:73,1
DA:74,1
DA:75,1
DA:76,1
DA:77,1
DA:78,1
DA:79,1
DA:80,1
DA:81,1
DA:82,1
DA:83,1
DA:84,1
DA:85,1
DA:86,1
DA:87,1
DA:88,1
DA:89,1
DA:90,1
DA:91,1
DA:92,1
DA:93,1
DA:94,1
DA:95,1
DA:96,1
DA:97,1
DA:98,1
DA:99,1
DA:100,1
DA:101,1
LF:106
LH:103
BRF:0
BRH:0
FNF:5
FNH:4
end_of_record
SF:/Users/michelle/Git/Kinder-Backend/Kinder-Backend/Controllers/WeatherForecastController.cs
FN:26,System.Collections.Generic.IEnumerable`1<Kinder_Backend.WeatherForecast> Kinder_Backend.Controllers.WeatherForecastController::Get()
FNDA:0,System.Collections.Generic.IEnumerable`1<Kinder_Backend.WeatherForecast> Kinder_Backend.Controllers.WeatherForecastController::Get()
DA:27,0
DA:28,0
DA:29,0
DA:30,0
DA:31,0
DA:32,0
DA:33,0
DA:34,0
DA:35,0
DA:36,0
FN:19,System.Void Kinder_Backend.Controllers.WeatherForecastController::.ctor(Microsoft.Extensions.Logging.ILogger`1<Kinder_Backend.Controllers.WeatherForecastController>)
FNDA:0,System.Void Kinder_Backend.Controllers.WeatherForecastController::.ctor(Microsoft.Extensions.Logging.ILogger`1<Kinder_Backend.Controllers.WeatherForecastController>)
DA:20,0
DA:21,0
DA:22,0
DA:23,0
FN:12,System.Void Kinder_Backend.Controllers.WeatherForecastController::.cctor()
FNDA:0,System.Void Kinder_Backend.Controllers.WeatherForecastController::.cctor()
DA:13,0
DA:14,0
DA:15,0
DA:16,0
LF:18
LH:0
BRF:0
BRH:0
FNF:3
FNH:0
end_of_record